2025-04-10 09:50:07 [main] INFO  Log - Starting WebDriver...
2025-04-10 09:50:09 [main] INFO  Log - Navigating to URL...
2025-04-10 09:50:10 [main] INFO  Log - Starting login test...
2025-04-10 09:50:10 [main] INFO  Log - Entering username:admin@yourstore.com
2025-04-10 09:50:10 [main] INFO  Log - Entering password: ********
2025-04-10 09:50:10 [main] INFO  Log - Clicking login button...
2025-04-10 09:50:10 [main] INFO  Log - Verifying page title...
2025-04-10 09:50:10 [main] INFO  Log - Closing Broswer...
2025-04-10 09:54:29 [main] INFO  Log - Starting WebDriver...
2025-04-10 09:54:30 [main] INFO  Log - Navigating to URL...
2025-04-10 09:54:31 [main] INFO  Log - Starting login test...
2025-04-10 09:54:31 [main] INFO  Log - Entering username:admin@yourstore.com
2025-04-10 09:54:32 [main] INFO  Log - Entering password: ********
2025-04-10 09:54:32 [main] INFO  Log - Clicking login button...
2025-04-10 09:54:32 [main] INFO  Log - Verifying page title...
2025-04-10 09:54:32 [main] INFO  Log - Closing Broswer...
2025-04-10 10:16:06 [main] INFO  Log - Starting WebDriver...
2025-04-10 10:16:08 [main] INFO  Log - Navigating to URL...
2025-04-10 10:16:09 [main] INFO  Log - Starting login test...
2025-04-10 10:16:09 [main] INFO  Log - Adding credentials
2025-04-10 10:16:09 [main] INFO  Log - Entering username:admin@yourstore.com
2025-04-10 10:16:09 [main] INFO  Log - Entering password: ********
2025-04-10 10:16:09 [main] INFO  Log - Clicking login button...
2025-04-10 10:16:09 [main] INFO  Log - Verifying page title...
2025-04-10 10:16:10 [main] INFO  Log - Closing Broswer...
2025-04-10 11:07:17 [main] INFO  Log - Starting WebDriver...
2025-04-10 11:07:21 [main] INFO  Log - Navigating to URL...
2025-04-10 11:07:27 [main] INFO  Log - Starting login test...
2025-04-10 11:07:27 [main] INFO  Log - Adding credentials
2025-04-10 11:07:27 [main] INFO  Log - Entering username:admin@yourstore.com
2025-04-10 11:07:27 [main] INFO  Log - Entering password: ********
2025-04-10 11:07:27 [main] INFO  Log - Clicking login button...
2025-04-10 11:07:27 [main] INFO  Log - Verifying page title...
2025-04-10 11:07:32 [main] INFO  Log - Closing Broswer...
2025-04-10 11:08:08 [main] INFO  Log - Starting WebDriver...
2025-04-10 11:08:10 [main] INFO  Log - Navigating to URL...
2025-04-10 11:08:11 [main] INFO  Log - Starting login test...
2025-04-10 11:08:11 [main] INFO  Log - Adding credentials
2025-04-10 11:08:11 [main] INFO  Log - Entering username:admin@yourstore.com
2025-04-10 11:08:11 [main] INFO  Log - Entering password: ********
2025-04-10 11:08:11 [main] INFO  Log - Clicking login button...
2025-04-10 11:08:11 [main] INFO  Log - Verifying page title...
2025-04-10 11:08:12 [main] INFO  Log - Closing Broswer...
2025-04-10 23:59:26 [main] INFO  Log - Starting WebDriver...
2025-04-10 23:59:31 [main] INFO  Log - Navigating to URL...
2025-04-10 23:59:34 [main] INFO  Log - Starting login test...
2025-04-10 23:59:34 [main] INFO  Log - Adding credentials
2025-04-10 23:59:34 [main] INFO  Log - Entering username:admin@yourstore.com
2025-04-10 23:59:34 [main] INFO  Log - Entering password: ********
2025-04-10 23:59:35 [main] INFO  Log - Clicking login button...
2025-04-10 23:59:35 [main] INFO  Log - Closing Broswer...
2025-04-11 00:00:34 [main] INFO  Log - Starting WebDriver...
2025-04-11 00:00:36 [main] INFO  Log - Navigating to URL...
2025-04-11 00:00:37 [main] INFO  Log - Starting login test...
2025-04-11 00:00:37 [main] INFO  Log - Adding credentials
2025-04-11 00:00:37 [main] INFO  Log - Entering username:admin@yourstore.com
2025-04-11 00:00:38 [main] INFO  Log - Entering password: ********
2025-04-11 00:00:38 [main] INFO  Log - Clicking login button...
2025-04-11 00:00:38 [main] INFO  Log - Closing Broswer...
2025-04-11 00:02:30 [main] INFO  Log - Starting WebDriver...
2025-04-11 00:02:32 [main] INFO  Log - Navigating to URL...
2025-04-11 00:02:33 [main] INFO  Log - Starting login test...
2025-04-11 00:02:33 [main] INFO  Log - Adding credentials
2025-04-11 00:02:33 [main] INFO  Log - Entering username:admin@yourstore.com
2025-04-11 00:02:34 [main] INFO  Log - Entering password: ********
2025-04-11 00:02:34 [main] INFO  Log - Clicking login button...
2025-04-11 00:02:34 [main] INFO  Log - Closing Broswer...
2025-04-11 00:04:53 [main] INFO  Log - Starting WebDriver...
2025-04-11 00:04:55 [main] INFO  Log - Navigating to URL...
2025-04-11 00:04:56 [main] INFO  Log - Starting login test...
2025-04-11 00:04:56 [main] INFO  Log - Adding credentials
2025-04-11 00:04:56 [main] INFO  Log - Entering username:admin@yourstore.com
2025-04-11 00:04:57 [main] INFO  Log - Entering password: ********
2025-04-11 00:04:57 [main] INFO  Log - Clicking login button...
2025-04-11 00:04:57 [main] INFO  Log - Closing Broswer...
2025-04-11 00:05:43 [main] INFO  Log - Starting WebDriver...
2025-04-11 00:05:45 [main] INFO  Log - Navigating to URL...
2025-04-11 00:05:46 [main] INFO  Log - Starting login test...
2025-04-11 00:05:46 [main] INFO  Log - Adding credentials
2025-04-11 00:05:46 [main] INFO  Log - Entering username:admin@yourstore.com
2025-04-11 00:05:47 [main] INFO  Log - Entering password: ********
2025-04-11 00:05:47 [main] INFO  Log - Clicking login button...
2025-04-11 00:05:47 [main] INFO  Log - Verifying page title...
2025-04-11 00:05:47 [main] INFO  Log - Closing Broswer...
2025-04-11 09:44:59 [main] INFO  Log - Starting WebDriver...
2025-04-11 09:45:03 [main] INFO  Log - Navigating to URL...
2025-04-11 09:45:07 [main] INFO  Log - Starting login test...
2025-04-11 09:45:07 [main] INFO  Log - Adding credentials
2025-04-11 09:45:07 [main] INFO  Log - Entering username:admin@yourstore.com
2025-04-11 09:45:08 [main] INFO  Log - Entering password: ********
2025-04-11 09:45:08 [main] INFO  Log - Clicking login button...
2025-04-11 09:45:08 [main] INFO  Log - Verifying page title...
2025-04-11 09:45:10 [main] INFO  Log - Closing Broswer...
2025-04-11 11:37:01 [main] INFO  Log - Starting WebDriver...
2025-04-11 11:37:05 [main] INFO  Log - Navigating to URL...
2025-04-11 11:37:06 [main] INFO  Log - Starting login test...
2025-04-11 11:37:06 [main] INFO  Log - Adding credentials
2025-04-11 11:37:06 [main] INFO  Log - Entering username:user1
2025-04-11 11:37:06 [main] INFO  Log - Entering password: ********
2025-04-11 11:37:06 [main] INFO  Log - Clicking login button...
2025-04-11 11:37:06 [main] INFO  Log - Verifying page title...
2025-04-11 11:37:06 [main] INFO  Log - Closing Broswer...
2025-04-11 11:37:07 [main] INFO  Log - Starting WebDriver...
2025-04-11 11:37:07 [main] INFO  Log - Navigating to URL...
2025-04-11 11:37:08 [main] INFO  Log - Starting login test...
2025-04-11 11:37:08 [main] INFO  Log - Adding credentials
2025-04-11 11:37:08 [main] INFO  Log - Entering username:user2
2025-04-11 11:37:08 [main] INFO  Log - Entering password: ********
2025-04-11 11:37:09 [main] INFO  Log - Clicking login button...
2025-04-11 11:37:09 [main] INFO  Log - Verifying page title...
2025-04-11 11:37:09 [main] INFO  Log - Closing Broswer...
2025-04-11 11:37:09 [main] INFO  Log - Starting WebDriver...
2025-04-11 11:37:10 [main] INFO  Log - Navigating to URL...
2025-04-11 11:37:11 [main] INFO  Log - Starting login test...
2025-04-11 11:37:11 [main] INFO  Log - Adding credentials
2025-04-11 11:37:11 [main] INFO  Log - Entering username:admin@yourstore.com
2025-04-11 11:37:11 [main] INFO  Log - Entering password: ********
2025-04-11 11:37:11 [main] INFO  Log - Clicking login button...
2025-04-11 11:37:12 [main] INFO  Log - Verifying page title...
2025-04-11 11:37:12 [main] INFO  Log - Closing Broswer...
2025-04-11 11:43:01 [main] INFO  Log - Starting WebDriver...
2025-04-11 11:43:02 [main] INFO  Log - Navigating to URL...
2025-04-11 11:43:03 [main] INFO  Log - Starting login test...
2025-04-11 11:43:03 [main] INFO  Log - Adding credentials
2025-04-11 11:43:03 [main] INFO  Log - Entering username:user1
2025-04-11 11:43:04 [main] INFO  Log - Entering password: ********
2025-04-11 11:43:04 [main] INFO  Log - Clicking login button...
2025-04-11 11:43:04 [main] INFO  Log - Verifying page title...
2025-04-11 11:43:04 [main] INFO  Log - Closing Broswer...
2025-04-11 11:43:04 [main] INFO  Log - Starting WebDriver...
2025-04-11 11:43:05 [main] INFO  Log - Navigating to URL...
2025-04-11 11:43:06 [main] INFO  Log - Starting login test...
2025-04-11 11:43:06 [main] INFO  Log - Adding credentials
2025-04-11 11:43:06 [main] INFO  Log - Entering username:user2
2025-04-11 11:43:07 [main] INFO  Log - Entering password: ********
2025-04-11 11:43:07 [main] INFO  Log - Clicking login button...
2025-04-11 11:43:07 [main] INFO  Log - Verifying page title...
2025-04-11 11:43:07 [main] INFO  Log - Closing Broswer...
2025-04-11 11:43:07 [main] INFO  Log - Starting WebDriver...
2025-04-11 11:43:08 [main] INFO  Log - Navigating to URL...
2025-04-11 11:43:09 [main] INFO  Log - Starting login test...
2025-04-11 11:43:09 [main] INFO  Log - Adding credentials
2025-04-11 11:43:09 [main] INFO  Log - Entering username:admin@yourstore.com
2025-04-11 11:43:09 [main] INFO  Log - Entering password: ********
2025-04-11 11:43:09 [main] INFO  Log - Clicking login button...
2025-04-11 11:43:09 [main] INFO  Log - Verifying page title...
2025-04-11 11:43:09 [main] INFO  Log - Closing Broswer...
2025-04-11 11:50:45 [main] INFO  Log - Starting WebDriver...
2025-04-11 11:50:47 [main] INFO  Log - Navigating to URL...
2025-04-11 11:50:48 [main] INFO  Log - Starting login test...
2025-04-11 11:50:48 [main] INFO  Log - Adding credentials
2025-04-11 11:50:48 [main] INFO  Log - Entering username:user1
2025-04-11 11:50:48 [main] INFO  Log - Entering password: ********
2025-04-11 11:50:48 [main] INFO  Log - Clicking login button...
2025-04-11 11:50:48 [main] INFO  Log - Verifying page title...
2025-04-11 11:50:48 [main] INFO  Log - Closing Broswer...
2025-04-11 11:50:49 [main] INFO  Log - Starting WebDriver...
2025-04-11 11:50:49 [main] INFO  Log - Navigating to URL...
2025-04-11 11:50:50 [main] INFO  Log - Starting login test...
2025-04-11 11:50:50 [main] INFO  Log - Adding credentials
2025-04-11 11:50:50 [main] INFO  Log - Entering username:user2
2025-04-11 11:50:51 [main] INFO  Log - Entering password: ********
2025-04-11 11:50:51 [main] INFO  Log - Clicking login button...
2025-04-11 11:50:51 [main] INFO  Log - Verifying page title...
2025-04-11 11:50:51 [main] INFO  Log - Closing Broswer...
2025-04-11 11:50:51 [main] INFO  Log - Starting WebDriver...
2025-04-11 11:50:52 [main] INFO  Log - Navigating to URL...
2025-04-11 11:50:53 [main] INFO  Log - Starting login test...
2025-04-11 11:50:53 [main] INFO  Log - Adding credentials
2025-04-11 11:50:53 [main] INFO  Log - Entering username:admin
2025-04-11 11:50:53 [main] INFO  Log - Entering password: ********
2025-04-11 11:50:53 [main] INFO  Log - Clicking login button...
2025-04-11 11:50:53 [main] INFO  Log - Verifying page title...
2025-04-11 11:50:54 [main] INFO  Log - Closing Broswer...
2025-04-11 11:51:16 [main] INFO  Log - Starting WebDriver...
2025-04-11 11:51:17 [main] INFO  Log - Navigating to URL...
2025-04-11 11:51:18 [main] INFO  Log - Starting login test...
2025-04-11 11:51:18 [main] INFO  Log - Adding credentials
2025-04-11 11:51:18 [main] INFO  Log - Entering username:user1
2025-04-11 11:51:19 [main] INFO  Log - Entering password: ********
2025-04-11 11:51:19 [main] INFO  Log - Clicking login button...
2025-04-11 11:51:19 [main] INFO  Log - Verifying page title...
2025-04-11 11:51:19 [main] INFO  Log - Closing Broswer...
2025-04-11 11:51:20 [main] INFO  Log - Starting WebDriver...
2025-04-11 11:51:21 [main] INFO  Log - Navigating to URL...
2025-04-11 11:51:22 [main] INFO  Log - Starting login test...
2025-04-11 11:51:22 [main] INFO  Log - Adding credentials
2025-04-11 11:51:22 [main] INFO  Log - Entering username:user2
2025-04-11 11:51:22 [main] INFO  Log - Entering password: ********
2025-04-11 11:51:22 [main] INFO  Log - Clicking login button...
2025-04-11 11:51:22 [main] INFO  Log - Verifying page title...
2025-04-11 11:51:22 [main] INFO  Log - Closing Broswer...
2025-04-11 11:51:22 [main] INFO  Log - Starting WebDriver...
2025-04-11 11:51:23 [main] INFO  Log - Navigating to URL...
2025-04-11 11:51:24 [main] INFO  Log - Starting login test...
2025-04-11 11:51:24 [main] INFO  Log - Adding credentials
2025-04-11 11:51:24 [main] INFO  Log - Entering username:admin@yourstore.com
2025-04-11 11:51:24 [main] INFO  Log - Entering password: ********
2025-04-11 11:51:24 [main] INFO  Log - Clicking login button...
2025-04-11 11:51:25 [main] INFO  Log - Verifying page title...
2025-04-11 11:51:25 [main] INFO  Log - Closing Broswer...
